<?xml version="1.0" encoding="UTF-8"?>
<testsuite xmlns:xsi="http://www.w3.org/2001/XMLSchema-instance" xsi:noNamespaceSchemaLocation="https://maven.apache.org/surefire/maven-surefire-plugin/xsd/surefire-test-report-3.0.xsd" version="3.0" name="pl.put.poznan.transformer.logic.TextTransformerTest" time="0.054" tests="2" errors="0" skipped="0" failures="0">
  <properties>
[...]
</properties>
  <testcase name="testUpperTransformation" classname="pl.put.poznan.transformer.logic.TextTransformerTest" time="0.027"/>
  <testcase name="testMultipleTransformations" classname="pl.put.poznan.transformer.logic.TextTransformerTest" time="0.001"/>
</testsuite>